app/build/outputs/logs/manifest-merger-debug-report.txt
-- Merging decision tree log ---
manifest
ADDED from src\main\AndroidManifest.xml:2:1-189:12
INJECTED from src\main\AndroidManifest.xml:2:1-189:12
INJECTED from src\main\AndroidManifest.xml:2:1-189:12
INJECTED from src\main\AndroidManifest.xml:2:1-189:12
MERGED from [:librarySlider] AndroidManifest.xml:2:1-12:12
INJECTED from src\main\AndroidManifest.xml:2:1-189:12
INJECTED from src\main\AndroidManifest.xml:2:1-189:12
INJECTED from src\main\AndroidManifest.xml:2:1-189:12
	package
		ADDED from src\main\AndroidManifest.xml:3:5-30
		INJECTED from src\main\AndroidManifest.xml
		INJECTED from src\main\AndroidManifest.xml
	android:versionName
		ADDED from src\main\AndroidManifest.xml:5:5-30
		INJECTED from src\main\AndroidManifest.xml
		INJECTED from src\main\AndroidManifest.xml
	xmlns:android
		ADDED from src\main\AndroidManifest.xml:2:11-69
	android:versionCode
		ADDED from src\main\AndroidManifest.xml:4:5-28
		INJECTED from src\main\AndroidManifest.xml
		INJECTED from src\main\AndroidManifest.xml
uses-permission#android.permission.INTERNET
ADDED from src\main\AndroidManifest.xml:8:5-67
MERGED from [:librarySlider] AndroidManifest.xml:5:5-67
MERGED from [:librarySlider] AndroidManifest.xml:5:5-67
	android:name
		ADDED from src\main\AndroidManifest.xml:8:22-64
uses-permission#android.permission.ACCESS_WIFI_STATE
ADDED from src\main\AndroidManifest.xml:9:5-76
	android:name
		ADDED from src\main\AndroidManifest.xml:9:22-73
uses-permission#android.permission.ACCESS_COARSE_LOCATION
ADDED from src\main\AndroidManifest.xml:10:5-81
	android:name
		ADDED from src\main\AndroidManifest.xml:10:22-78
uses-permission#android.permission.ACCESS_FINE_LOCATION
ADDED from src\main\AndroidManifest.xml:11:5-79
	android:name
		ADDED from src\main\AndroidManifest.xml:11:22-76
uses-permission#android.permission.WRITE_EXTERNAL_STORAGE
ADDED from src\main\AndroidManifest.xml:12:5-81
MERGED from [:librarySlider] AndroidManifest.xml:6:5-81
MERGED from [:librarySlider] AndroidManifest.xml:6:5-81
	android:name
		ADDED from src\main\AndroidManifest.xml:12:22-78
uses-permission#android.permission.EXTRA_RETURN_RESULT
ADDED from src\main\AndroidManifest.xml:13:5-78
	android:name
		ADDED from src\main\AndroidManifest.xml:13:22-75
uses-permission#android.intent.action.UNINSTALL_PACKAGE
ADDED from src\main\AndroidManifest.xml:14:5-79
	android:name
		ADDED from src\main\AndroidManifest.xml:14:22-76
uses-permission#android.intent.action.INSTALL_PACKAGE
ADDED from src\main\AndroidManifest.xml:15:5-77
	android:name
		ADDED from src\main\AndroidManifest.xml:15:22-74
uses-permission#com.android.launcher.permission.INSTALL_SHORTCUT
ADDED from src\main\AndroidManifest.xml:16:5-88
	android:name
		ADDED from src\main\AndroidManifest.xml:16:22-85
uses-permission#android.permission.ACCESS_NETWORK_STATE
ADDED from src\main\AndroidManifest.xml:17:5-79
	android:name
		ADDED from src\main\AndroidManifest.xml:17:22-76
uses-permission#android.permission.CHANGE_WIFI_STATE
ADDED from src\main\AndroidManifest.xml:18:5-76
	android:name
		ADDED from src\main\AndroidManifest.xml:18:22-73
uses-permission#android.permission.READ_PHONE_STATE
ADDED from src\main\AndroidManifest.xml:19:5-75
	android:name
		ADDED from src\main\AndroidManifest.xml:19:22-72
supports-screens
ADDED from src\main\AndroidManifest.xml:22:5-35:24
application
ADDED from src\main\AndroidManifest.xml:38:5-188:19
MERGED from [:librarySlider] AndroidManifest.xml:8:5-10:44
MERGED from [:librarySlider] AndroidManifest.xml:8:5-10:44
	android:label
		ADDED from src\main\AndroidManifest.xml:41:9-41
	android:icon
		ADDED from src\main\AndroidManifest.xml:40:9-38
	android:allowBackup
		ADDED from src\main\AndroidManifest.xml:39:9-35
	android:theme
		ADDED from src\main\AndroidManifest.xml:42:9-40
activity#com.royle.you4k.SplashScreen
ADDED from src\main\AndroidManifest.xml:43:9-53:20
	android:screenOrientation
		ADDED from src\main\AndroidManifest.xml:46:13-50
	android:label
		ADDED from src\main\AndroidManifest.xml:45:13-45
	android:theme
		ADDED from src\main\AndroidManifest.xml:47:13-60
	android:name
		ADDED from src\main\AndroidManifest.xml:44:13-56
intent-filter#action:name:android.intent.action.MAIN+category:name:android.intent.category.LAUNCHER
ADDED from src\main\AndroidManifest.xml:48:13-52:29
action#android.intent.action.MAIN
ADDED from src\main\AndroidManifest.xml:49:17-69
	android:name
		ADDED from src\main\AndroidManifest.xml:49:25-66
category#android.intent.category.LAUNCHER
ADDED from src\main\AndroidManifest.xml:51:17-77
	android:name
		ADDED from src\main\AndroidManifest.xml:51:27-74
activity#com.royle.you4k.UpdateCheck
ADDED from src\main\AndroidManifest.xml:54:9-58:63
	android:screenOrientation
		ADDED from src\main\AndroidManifest.xml:57:13-50
	android:label
		ADDED from src\main\AndroidManifest.xml:56:13-40
	android:theme
		ADDED from src\main\AndroidManifest.xml:58:13-60
	android:name
		ADDED from src\main\AndroidManifest.xml:55:13-55
activity#com.royle.you4k.MainActivity
ADDED from src\main\AndroidManifest.xml:59:9-62:53
	android:screenOrientation
		ADDED from src\main\AndroidManifest.xml:62:13-50
	android:label
		ADDED from src\main\AndroidManifest.xml:61:13-45
	android:name
		ADDED from src\main\AndroidManifest.xml:60:13-56
activity#user.RefillActivity
ADDED from src\main\AndroidManifest.xml:63:9-67:75
	android:screenOrientation
		ADDED from src\main\AndroidManifest.xml:66:13-50
	android:label
		ADDED from src\main\AndroidManifest.xml:65:13-58
	android:theme
		ADDED from src\main\AndroidManifest.xml:67:13-72
	android:name
		ADDED from src\main\AndroidManifest.xml:64:13-47
activity#user.RegisterActivity
ADDED from src\main\AndroidManifest.xml:68:9-71:75
	android:screenOrientation
		ADDED from src\main\AndroidManifest.xml:70:13-50
	android:theme
		ADDED from src\main\AndroidManifest.xml:71:13-72
	android:name
		ADDED from src\main\AndroidManifest.xml:69:13-49
activity#user.LoginActivity
ADDED from src\main\AndroidManifest.xml:72:9-75:75
	android:screenOrientation
		ADDED from src\main\AndroidManifest.xml:74:13-50
	android:theme
		ADDED from src\main\AndroidManifest.xml:75:13-72
	android:name
		ADDED from src\main\AndroidManifest.xml:73:13-46
activity#user.ChangePassActivity
ADDED from src\main\AndroidManifest.xml:76:9-79:75
	android:screenOrientation
		ADDED from src\main\AndroidManifest.xml:78:13-50
	android:theme
		ADDED from src\main\AndroidManifest.xml:79:13-72
	android:name
		ADDED from src\main\AndroidManifest.xml:77:13-51
activity#iptv.IpTvActivity
ADDED from src\main\AndroidManifest.xml:80:9-83:53
	android:screenOrientation
		ADDED from src\main\AndroidManifest.xml:83:13-50
	android:label
		ADDED from src\main\AndroidManifest.xml:82:13-57
	android:name
		ADDED from src\main\AndroidManifest.xml:81:13-45
activity#iptv.TvCategoryActivity
ADDED from src\main\AndroidManifest.xml:84:9-87:53
	android:screenOrientation
		ADDED from src\main\AndroidManifest.xml:87:13-50
	android:label
		ADDED from src\main\AndroidManifest.xml:86:13-63
	android:name
		ADDED from src\main\AndroidManifest.xml:85:13-51
activity#iptvnew.IpTvNewActivity
ADDED from src\main\AndroidManifest.xml:88:9-91:53
	android:screenOrientation
		ADDED from src\main\AndroidManifest.xml:91:13-50
	android:label
		ADDED from src\main\AndroidManifest.xml:90:13-57
	android:name
		ADDED from src\main\AndroidManifest.xml:89:13-51
activity#iptvnew.TvCategoryNewActivity
ADDED from src\main\AndroidManifest.xml:92:9-95:53
	android:screenOrientation
		ADDED from src\main\AndroidManifest.xml:95:13-50
	android:label
		ADDED from src\main\AndroidManifest.xml:94:13-63
	android:name
		ADDED from src\main\AndroidManifest.xml:93:13-57
activity#movie.MovieActivity
ADDED from src\main\AndroidManifest.xml:96:9-99:53
	android:screenOrientation
		ADDED from src\main\AndroidManifest.xml:99:13-50
	android:label
		ADDED from src\main\AndroidManifest.xml:98:13-57
	android:name
		ADDED from src\main\AndroidManifest.xml:97:13-47
activity#movie.MovieCategoryActivity
ADDED from src\main\AndroidManifest.xml:100:9-103:53
	android:screenOrientation
		ADDED from src\main\AndroidManifest.xml:103:13-50
	android:label
		ADDED from src\main\AndroidManifest.xml:102:13-66
	android:name
		ADDED from src\main\AndroidManifest.xml:101:13-55
activity#movie.MovieDetailActivity
ADDED from src\main\AndroidManifest.xml:104:9-107:53
	android:screenOrientation
		ADDED from src\main\AndroidManifest.xml:107:13-50
	android:label
		ADDED from src\main\AndroidManifest.xml:106:13-64
	android:name
		ADDED from src\main\AndroidManifest.xml:105:13-53
activity#user.UserProfileActivity
ADDED from src\main\AndroidManifest.xml:108:9-111:53
	android:screenOrientation
		ADDED from src\main\AndroidManifest.xml:111:13-50
	android:label
		ADDED from src\main\AndroidManifest.xml:110:13-64
	android:name
		ADDED from src\main\AndroidManifest.xml:109:13-52
activity#com.royle.you4k.SearchActivity
ADDED from src\main\AndroidManifest.xml:112:9-116:59
	android:screenOrientation
		ADDED from src\main\AndroidManifest.xml:115:13-50
	android:label
		ADDED from src\main\AndroidManifest.xml:114:13-58
	android:theme
		ADDED from src\main\AndroidManifest.xml:116:13-56
	android:name
		ADDED from src\main\AndroidManifest.xml:113:13-58
activity#com.royle.you4k.NewsActivity
ADDED from src\main\AndroidManifest.xml:117:9-120:53
	android:screenOrientation
		ADDED from src\main\AndroidManifest.xml:120:13-50
	android:label
		ADDED from src\main\AndroidManifest.xml:119:13-56
	android:name
		ADDED from src\main\AndroidManifest.xml:118:13-56
activity#series.SeriesActivity
ADDED from src\main\AndroidManifest.xml:121:9-124:53
	android:screenOrientation
		ADDED from src\main\AndroidManifest.xml:124:13-50
	android:label
		ADDED from src\main\AndroidManifest.xml:123:13-58
	android:name
		ADDED from src\main\AndroidManifest.xml:122:13-49
activity#series.SeriesCategoryActivity
ADDED from src\main\AndroidManifest.xml:125:9-128:53
	android:screenOrientation
		ADDED from src\main\AndroidManifest.xml:128:13-50
	android:label
		ADDED from src\main\AndroidManifest.xml:127:13-58
	android:name
		ADDED from src\main\AndroidManifest.xml:126:13-57
activity#series.SeriesDetailActivity
ADDED from src\main\AndroidManifest.xml:129:9-132:53
	android:screenOrientation
		ADDED from src\main\AndroidManifest.xml:132:13-50
	android:label
		ADDED from src\main\AndroidManifest.xml:131:13-65
	android:name
		ADDED from src\main\AndroidManifest.xml:130:13-55
activity#ebook.EbookActivity
ADDED from src\main\AndroidManifest.xml:133:9-136:53
	android:screenOrientation
		ADDED from src\main\AndroidManifest.xml:136:13-50
	android:label
		ADDED from src\main\AndroidManifest.xml:135:13-57
	android:name
		ADDED from src\main\AndroidManifest.xml:134:13-47
activity#ebook.WebViewEbookActivity
ADDED from src\main\AndroidManifest.xml:137:9-140:53
	android:screenOrientation
		ADDED from src\main\AndroidManifest.xml:140:13-50
	android:label
		ADDED from src\main\AndroidManifest.xml:139:13-66
	android:name
		ADDED from src\main\AndroidManifest.xml:138:13-54
activity#ebook.EbookCategoryActivity
ADDED from src\main\AndroidManifest.xml:141:9-144:53
	android:screenOrientation
		ADDED from src\main\AndroidManifest.xml:144:13-50
	android:label
		ADDED from src\main\AndroidManifest.xml:143:13-66
	android:name
		ADDED from src\main\AndroidManifest.xml:142:13-55
activity#user.MailActivity
ADDED from src\main\AndroidManifest.xml:147:9-150:53
	android:screenOrientation
		ADDED from src\main\AndroidManifest.xml:150:13-50
	android:label
		ADDED from src\main\AndroidManifest.xml:149:13-41
	android:name
		ADDED from src\main\AndroidManifest.xml:148:13-45
activity#user.SupportActivity
ADDED from src\main\AndroidManifest.xml:151:9-155:75
	android:screenOrientation
		ADDED from src\main\AndroidManifest.xml:154:13-50
	android:label
		ADDED from src\main\AndroidManifest.xml:153:13-44
	android:theme
		ADDED from src\main\AndroidManifest.xml:155:13-72
	android:name
		ADDED from src\main\AndroidManifest.xml:152:13-48
activity#com.royle.you4k.SearchSRActivity
ADDED from src\main\AndroidManifest.xml:156:9-160:59
	android:screenOrientation
		ADDED from src\main\AndroidManifest.xml:159:13-50
	android:label
		ADDED from src\main\AndroidManifest.xml:158:13-37
	android:theme
		ADDED from src\main\AndroidManifest.xml:160:13-56
	android:name
		ADDED from src\main\AndroidManifest.xml:157:13-60
activity#user.CheckTrueMoneyActivity
ADDED from src\main\AndroidManifest.xml:161:9-164:75
	android:screenOrientation
		ADDED from src\main\AndroidManifest.xml:163:13-50
	android:theme
		ADDED from src\main\AndroidManifest.xml:164:13-72
	android:name
		ADDED from src\main\AndroidManifest.xml:162:13-55
activity#user.HowtoActivity
ADDED from src\main\AndroidManifest.xml:165:9-168:75
	android:screenOrientation
		ADDED from src\main\AndroidManifest.xml:167:13-50
	android:theme
		ADDED from src\main\AndroidManifest.xml:168:13-72
	android:name
		ADDED from src\main\AndroidManifest.xml:166:13-46
activity#com.royle.you4k.Mxplayer
ADDED from src\main\AndroidManifest.xml:169:9-172:75
	android:screenOrientation
		ADDED from src\main\AndroidManifest.xml:171:13-50
	android:theme
		ADDED from src\main\AndroidManifest.xml:172:13-72
	android:name
		ADDED from src\main\AndroidManifest.xml:170:13-52
activity#com.royle.you4k.SportActivity
ADDED from src\main\AndroidManifest.xml:174:9-177:53
	android:screenOrientation
		ADDED from src\main\AndroidManifest.xml:177:13-50
	android:label
		ADDED from src\main\AndroidManifest.xml:176:13-42
	android:name
		ADDED from src\main\AndroidManifest.xml:175:13-57
activity#com.royle.you4k.WebViewPayPalActivity
ADDED from src\main\AndroidManifest.xml:178:9-74
	android:name
		ADDED from src\main\AndroidManifest.xml:178:19-71
activity#user.ErrorActivity
ADDED from src\main\AndroidManifest.xml:180:9-183:75
	android:screenOrientation
		ADDED from src\main\AndroidManifest.xml:182:13-50
	android:theme
		ADDED from src\main\AndroidManifest.xml:183:13-72
	android:name
		ADDED from src\main\AndroidManifest.xml:181:13-46
service#meklib.KeepAlive
ADDED from src\main\AndroidManifest.xml:185:9-187:49
	android:label
		ADDED from src\main\AndroidManifest.xml:187:13-38
	android:name
		ADDED from src\main\AndroidManifest.xml:186:13-44
uses-sdk
INJECTED from src\main\AndroidManifest.xml reason: use-sdk injection requested
INJECTED from src\main\AndroidManifest.xml
INJECTED from src\main\AndroidManifest.xml
INJECTED from src\main\AndroidManifest.xml
INJECTED from src\main\AndroidManifest.xml
	android:targetSdkVersion
		INJECTED from src\main\AndroidManifest.xml
		ADDED from src\main\AndroidManifest.xml
		INJECTED from src\main\AndroidManifest.xml
	android:minSdkVersion
		INJECTED from src\main\AndroidManifest.xml
		ADDED from src\main\AndroidManifest.xml
		INJECTED from src\main\AndroidManifest.xml
uses-permission#android.permission.READ_EXTERNAL_STORAGE
IMPLIED from src\main\AndroidManifest.xml:2:1-189:12 reason: com.daimajia.slider.library requested WRITE_EXTERNAL_STORAGE